<?xml version="1.0" encoding="UTF-8"?>
<!-- Generated by org.testng.reporters.JUnitReportReporter -->
<testsuite hostname="LAP-0217" failures="0" tests="6" name="ecom.page.test.inventoryPageTest" time="18.983" errors="1" timestamp="2023-12-31T14:43:52 IST" skipped="0">
  <testcase classname="ecom.page.test.inventoryPageTest" name="ValidateHomePageUrlTest" time="2.629">
    <system-out>
      <![CDATA[https://www.saucedemo.com/inventory.html]]>
    </system-out>
  </testcase> <!-- ValidateHomePageUrlTest -->
  <testcase classname="ecom.page.test.inventoryPageTest" name="ValidataItemNameTest" time="4.538"/>
  <testcase classname="ecom.page.test.inventoryPageTest" name="ValidateImagePresenceTest" time="2.956">
    <system-out>
      <![CDATA[Image is presentnull
Image is presenthttps://www.saucedemo.com/static/media/sauce-backpack-1200x1500.0a0b85a3.jpg
Image is presentnull
Image is presenthttps://www.saucedemo.com/static/media/bike-light-1200x1500.37c843b0.jpg
Image is presentnull
Image is presenthttps://www.saucedemo.com/static/media/bolt-shirt-1200x1500.c2599ac5.jpg
Image is presentnull
Image is presenthttps://www.saucedemo.com/static/media/sauce-pullover-1200x1500.51d7ffaf.jpg
Image is presentnull
Image is presenthttps://www.saucedemo.com/static/media/red-onesie-1200x1500.2ec615b2.jpg
Image is presentnull
Image is presenthttps://www.saucedemo.com/static/media/red-tatt-1200x1500.30dadef4.jpg]]>
    </system-out>
  </testcase> <!-- ValidateImagePresenceTest -->
  <testcase classname="ecom.page.test.inventoryPageTest" name="AddItemsToCartTest" time="3.033"/>
  <testcase classname="ecom.page.test.inventoryPageTest" name="FilterSorting" time="3.234">
    <error message="Cannot invoke &quot;org.openqa.selenium.support.ui.WebDriverWait.until(java.util.function.Function)&quot; because &quot;this.wait&quot; is null" type="java.lang.NullPointerException">
      <![CDATA[java.lang.NullPointerException: Cannot invoke "org.openqa.selenium.support.ui.WebDriverWait.until(java.util.function.Function)" because "this.wait" is null
at ecom.page.test.inventoryPageTest.FilterSorting(inventoryPageTest.java:108)
at java.base/jdk.internal.reflect.DirectMethodHandleAccessor.invoke(DirectMethodHandleAccessor.java:104)
at java.base/java.lang.reflect.Method.invoke(Method.java:578)
at org.testng.internal.invokers.MethodInvocationHelper.invokeMethod(MethodInvocationHelper.java:139)
at org.testng.internal.invokers.TestInvoker.invokeMethod(TestInvoker.java:664)
at org.testng.internal.invokers.TestInvoker.invokeTestMethod(TestInvoker.java:227)
at org.testng.internal.invokers.MethodRunner.runInSequence(MethodRunner.java:50)
at org.testng.internal.invokers.TestInvoker$MethodInvocationAgent.invoke(TestInvoker.java:957)
at org.testng.internal.invokers.TestInvoker.invokeTestMethods(TestInvoker.java:200)
at org.testng.internal.invokers.TestMethodWorker.invokeTestMethods(TestMethodWorker.java:148)
at org.testng.internal.invokers.TestMethodWorker.run(TestMethodWorker.java:128)
at java.base/java.util.ArrayList.forEach(ArrayList.java:1511)
at org.testng.TestRunner.privateRun(TestRunner.java:848)
at org.testng.TestRunner.run(TestRunner.java:621)
at org.testng.SuiteRunner.runTest(SuiteRunner.java:443)
at org.testng.SuiteRunner.runSequentially(SuiteRunner.java:437)
at org.testng.SuiteRunner.privateRun(SuiteRunner.java:397)
at org.testng.SuiteRunner.run(SuiteRunner.java:336)
at org.testng.SuiteRunnerWorker.runSuite(SuiteRunnerWorker.java:52)
at org.testng.SuiteRunnerWorker.run(SuiteRunnerWorker.java:95)
at org.testng.TestNG.runSuitesSequentially(TestNG.java:1280)
at org.testng.TestNG.runSuitesLocally(TestNG.java:1200)
at org.testng.TestNG.runSuites(TestNG.java:1114)
at org.testng.TestNG.run(TestNG.java:1082)
at org.testng.remote.AbstractRemoteTestNG.run(AbstractRemoteTestNG.java:115)
at org.testng.remote.RemoteTestNG.initAndRun(RemoteTestNG.java:251)
at org.testng.remote.RemoteTestNG.main(RemoteTestNG.java:77)
]]>
    </error>
  </testcase> <!-- FilterSorting -->
  <testcase classname="ecom.page.test.inventoryPageTest" name="MoveToCartTest" time="2.593"/>
  <system-out>
    <![CDATA[https://www.saucedemo.com/inventory.html
Image is presentnull
Image is presenthttps://www.saucedemo.com/static/media/sauce-backpack-1200x1500.0a0b85a3.jpg
Image is presentnull
Image is presenthttps://www.saucedemo.com/static/media/bike-light-1200x1500.37c843b0.jpg
Image is presentnull
Image is presenthttps://www.saucedemo.com/static/media/bolt-shirt-1200x1500.c2599ac5.jpg
Image is presentnull
Image is presenthttps://www.saucedemo.com/static/media/sauce-pullover-1200x1500.51d7ffaf.jpg
Image is presentnull
Image is presenthttps://www.saucedemo.com/static/media/red-onesie-1200x1500.2ec615b2.jpg
Image is presentnull
Image is presenthttps://www.saucedemo.com/static/media/red-tatt-1200x1500.30dadef4.jpg]]>
  </system-out>
</testsuite> <!-- ecom.page.test.inventoryPageTest -->
