<?xml version="1.0" encoding="UTF-8"?>
<!-- Generated by org.testng.reporters.JUnitXMLReporter -->
<testsuite ignored="0" hostname="LAP-0217" failures="0" tests="3" name="Default test(failed)" time="9.678" errors="0" timestamp="2024-06-09T15:46:31 IST">
  <testcase classname="orange.hr.testcases.LoginTestClass" name="@BeforeMethod setUp" time="9.588">
    <failure type="java.lang.NoClassDefFoundError" message="org/openqa/selenium/internal/WrapsElement">
      <![CDATA[java.lang.NoClassDefFoundError: org/openqa/selenium/internal/WrapsElement
at org.openqa.selenium.support.pagefactory.DefaultFieldDecorator.proxyForLocator(DefaultFieldDecorator.java:101)
at org.openqa.selenium.support.pagefactory.DefaultFieldDecorator.decorate(DefaultFieldDecorator.java:62)
at org.openqa.selenium.support.PageFactory.proxyFields(PageFactory.java:113)
at org.openqa.selenium.support.PageFactory.initElements(PageFactory.java:105)
at org.openqa.selenium.support.PageFactory.initElements(PageFactory.java:92)
at org.openqa.selenium.support.PageFactory.initElements(PageFactory.java:79)
at orange.hr.employeeMng.LoginPage.<init>(LoginPage.java:27)
at orange.hr.testcases.LoginTestClass.setUp(LoginTestClass.java:29)
at java.base/java.util.ArrayList.forEach(ArrayList.java:1511)
Caused by: java.lang.ClassNotFoundException: org.openqa.selenium.internal.WrapsElement
at java.base/jdk.internal.loader.BuiltinClassLoader.loadClass(BuiltinClassLoader.java:641)
at java.base/jdk.internal.loader.ClassLoaders$AppClassLoader.loadClass(ClassLoaders.java:188)
at java.base/java.lang.ClassLoader.loadClass(ClassLoader.java:521)
... 38 more
... Removed 29 stack frames]]>
    </failure>
  </testcase> <!-- @BeforeMethod setUp -->
  <testcase classname="orange.hr.testcases.LoginTestClass" name="@BeforeMethod setUp" time="0.0">
    <skipped/>
  </testcase> <!-- @BeforeMethod setUp -->
  <testcase classname="orange.hr.testcases.LoginTestClass" name="@BeforeMethod setUp" time="0.0">
    <skipped/>
  </testcase> <!-- @BeforeMethod setUp -->
  <testcase classname="orange.hr.testcases.LoginTestClass" name="VerifyTitle" time="0.001">
    <skipped/>
  </testcase> <!-- VerifyTitle -->
  <testcase classname="orange.hr.testcases.LoginTestClass" name="VerifyLogo" time="0.0">
    <skipped/>
  </testcase> <!-- VerifyLogo -->
  <testcase classname="orange.hr.testcases.LoginTestClass" name="VerifyLoginProcess" time="0.001">
    <skipped/>
  </testcase> <!-- VerifyLoginProcess -->
</testsuite> <!-- Default test(failed) -->
